<?xml version="1.0" encoding="UTF-8"?>
<!-- Generated by org.testng.reporters.JUnitXMLReporter -->
<testsuite ignored="0" hostname="PT076LT" failures="1" tests="3" name="Default test" time="35.451" errors="0" timestamp="2024-05-07T14:23:36 IST">
  <testcase classname="io.cucumber.testng.AbstractTestNGCucumberTests" name="runScenario" time="22.465"/>
  <testcase classname="io.cucumber.testng.AbstractTestNGCucumberTests" name="runScenario" time="2.868">
    <failure type="java.lang.AssertionError" message="expected [Anchor Bracelet] but found [Blue Shoes]">
      <![CDATA[java.lang.AssertionError: expected [Anchor Bracelet] but found [Blue Shoes]
at org.testng.Assert.fail(Assert.java:110)
at org.testng.Assert.failNotEquals(Assert.java:1577)
at org.testng.Assert.assertEqualsImpl(Assert.java:149)
at org.testng.Assert.assertEquals(Assert.java:131)
at org.testng.Assert.assertEquals(Assert.java:655)
at org.testng.Assert.assertEquals(Assert.java:665)
at com.qapropsoft.carina.demo.gui.pages.desktop.CartPage.getProductNameTxt(CartPage.java:33)
at com.qapropsoft.carina.demo.gui.pages.desktop.CartPage.productGetTextName(CartPage.java:45)
at com.qapropsoft.carina.demo.addToCartStep.i_should_see_in_the_cart(addToCartStep.java:34)
at âœ½.I should see 1 "Anchor Bracelet" in the cart(file:///C:/Users/amol.kumbhare/Downloads/CarinaLatestFramework-May_6/CarinaLatestFramework-main/src/test/resources/features/add_to_cart.feature:7)
]]>
    </failure>
  </testcase> <!-- runScenario -->
  <testcase classname="io.cucumber.testng.AbstractTestNGCucumberTests" name="runScenario" time="8.593"/>
</testsuite> <!-- Default test -->
